Arguments: 
  /usr/local/bin/node /usr/local/Cellar/yarn/1.16.0/libexec/bin/yarn.js add remark-syntax-highlight.js

PATH: 
  /usr/local/bin:/usr/bin:/bin:/usr/sbin:/sbin:/Users/johno/go/bin:/Users/johno/.rvm/bin:/usr/local/bin:/usr/local/sbin:/usr/bin:/bin:/usr/sbin:/sbin

Yarn version: 
  1.16.0

Node version: 
  12.6.0

Platform: 
  darwin x64

Trace: 
  Error: https://registry.yarnpkg.com/remark-syntax-highlight.js: Not found
      at Request.params.callback [as _callback] (/usr/local/Cellar/yarn/1.16.0/libexec/lib/cli.js:66091:18)
      at Request.self.callback (/usr/local/Cellar/yarn/1.16.0/libexec/lib/cli.js:129590:22)
      at Request.emit (events.js:203:13)
      at Request.<anonymous> (/usr/local/Cellar/yarn/1.16.0/libexec/lib/cli.js:130562:10)
      at Request.emit (events.js:203:13)
      at IncomingMessage.<anonymous> (/usr/local/Cellar/yarn/1.16.0/libexec/lib/cli.js:130484:12)
      at Object.onceWrapper (events.js:291:20)
      at IncomingMessage.emit (events.js:208:15)
      at endReadableNT (_stream_readable.js:1154:12)
      at processTicksAndRejections (internal/process/task_queues.js:77:11)

npm manifest: 
  {
    "name": "remark-html",
    "version": "1.0.0",
    "main": "index.js",
    "license": "MIT",
    "scripts": {
      "start": "node build"
    },
    "dependencies": {
      "remark": "^11.0.1",
      "remark-html": "^10.0.0"
    }
  }

yarn manifest: 
  No manifest

Lockfile: 
  # THIS IS AN AUTOGENERATED FILE. DO NOT EDIT THIS FILE DIRECTLY.
  # yarn lockfile v1
  
  
  "@types/unist@^2.0.0", "@types/unist@^2.0.2":
    version "2.0.3"
    resolved "https://registry.yarnpkg.com/@types/unist/-/unist-2.0.3.tgz#9c088679876f374eb5983f150d4787aa6fb32d7e"
    integrity sha512-FvUupuM3rlRsRtCN+fDudtmytGO6iHJuuRKS1Ss0pG5z8oX0diNEw94UEL7hgDbpN94rgaK5R7sWm6RrSkZuAQ==
  
  bail@^1.0.0:
    version "1.0.4"
    resolved "https://registry.yarnpkg.com/bail/-/bail-1.0.4.tgz#7181b66d508aa3055d3f6c13f0a0c720641dde9b"
    integrity sha512-S8vuDB4w6YpRhICUDET3guPlQpaJl7od94tpZ0Fvnyp+MKW/HyDTcRDck+29C9g+d/qQHnddRH3+94kZdrW0Ww==
  
  ccount@^1.0.0:
    version "1.0.4"
    resolved "https://registry.yarnpkg.com/ccount/-/ccount-1.0.4.tgz#9cf2de494ca84060a2a8d2854edd6dfb0445f386"
    integrity sha512-fpZ81yYfzentuieinmGnphk0pLkOTMm6MZdVqwd77ROvhko6iujLNGrHH5E7utq3ygWklwfmwuG+A7P+NpqT6w==
  
  character-entities-html4@^1.0.0:
    version "1.1.3"
    resolved "https://registry.yarnpkg.com/character-entities-html4/-/character-entities-html4-1.1.3.tgz#5ce6e01618e47048ac22f34f7f39db5c6fd679ef"
    integrity sha512-SwnyZ7jQBCRHELk9zf2CN5AnGEc2nA+uKMZLHvcqhpPprjkYhiLn0DywMHgN5ttFZuITMATbh68M6VIVKwJbcg==
  
  character-entities-legacy@^1.0.0:
    version "1.1.3"
    resolved "https://registry.yarnpkg.com/character-entities-legacy/-/character-entities-legacy-1.1.3.tgz#3c729991d9293da0ede6dddcaf1f2ce1009ee8b4"
    integrity sha512-YAxUpPoPwxYFsslbdKkhrGnXAtXoHNgYjlBM3WMXkWGTl5RsY3QmOyhwAgL8Nxm9l5LBThXGawxKPn68y6/fww==
  
  character-entities@^1.0.0:
    version "1.2.3"
    resolved "https://registry.yarnpkg.com/character-entities/-/character-entities-1.2.3.tgz#bbed4a52fe7ef98cc713c6d80d9faa26916d54e6"
    integrity sha512-yB4oYSAa9yLcGyTbB4ItFwHw43QHdH129IJ5R+WvxOkWlyFnR5FAaBNnUq4mcxsTVZGh28bHoeTHMKXH1wZf3w==
  
  character-reference-invalid@^1.0.0:
    version "1.1.3"
    resolved "https://registry.yarnpkg.com/character-reference-invalid/-/character-reference-invalid-1.1.3.tgz#1647f4f726638d3ea4a750cf5d1975c1c7919a85"
    integrity sha512-VOq6PRzQBam/8Jm6XBGk2fNEnHXAdGd6go0rtd4weAGECBamHDwwCQSOT12TACIYUZegUXnV6xBXqUssijtxIg==
  
  collapse-white-space@^1.0.0, collapse-white-space@^1.0.2:
    version "1.0.5"
    resolved "https://registry.yarnpkg.com/collapse-white-space/-/collapse-white-space-1.0.5.tgz#c2495b699ab1ed380d29a1091e01063e75dbbe3a"
    integrity sha512-703bOOmytCYAX9cXYqoikYIx6twmFCXsnzRQheBcTG3nzKYBR4P/+wkYeH+Mvj7qUz8zZDtdyzbxfnEi/kYzRQ==
  
  comma-separated-tokens@^1.0.1:
    version "1.0.7"
    resolved "https://registry.yarnpkg.com/comma-separated-tokens/-/comma-separated-tokens-1.0.7.tgz#419cd7fb3258b1ed838dc0953167a25e152f5b59"
    integrity sha512-Jrx3xsP4pPv4AwJUDWY9wOXGtwPXARej6Xd99h4TUGotmf8APuquKMpK+dnD3UgyxK7OEWaisjZz+3b5jtL6xQ==
  
  detab@^2.0.0:
    version "2.0.2"
    resolved "https://registry.yarnpkg.com/detab/-/detab-2.0.2.tgz#074970d1a807b045d0258a4235df5928dd683561"
    integrity sha512-Q57yPrxScy816TTE1P/uLRXLDKjXhvYTbfxS/e6lPD+YrqghbsMlGB9nQzj/zVtSPaF0DFPSdO916EWO4sQUyQ==
    dependencies:
      repeat-string "^1.5.4"
  
  extend@^3.0.0:
    version "3.0.2"
    resolved "https://registry.yarnpkg.com/extend/-/extend-3.0.2.tgz#f8b1136b4071fbd8eb140aff858b1019ec2915fa"
    integrity sha512-fjquC59cD7CyW6urNXK0FBufkZcoiGG80wTuPujX590cB5Ttln20E2UB4S/WARVqhXffZl2LNgS+gQdPIIim/g==
  
  hast-util-is-element@^1.0.0:
    version "1.0.3"
    resolved "https://registry.yarnpkg.com/hast-util-is-element/-/hast-util-is-element-1.0.3.tgz#423b4b26fe8bf1f25950fe052e9ce8f83fd5f6a4"
    integrity sha512-C62CVn7jbjp89yOhhy7vrkSaB7Vk906Gtcw/Ihd+Iufnq+2pwOZjdPmpzpKLWJXPJBMDX3wXg4FqmdOayPcewA==
  
  hast-util-sanitize@^2.0.0:
    version "2.0.1"
    resolved "https://registry.yarnpkg.com/hast-util-sanitize/-/hast-util-sanitize-2.0.1.tgz#de2f32c5aa9e93b61903e4381be6c49887d3829e"
    integrity sha512-Hk9YC6+HURcdNuBFaPP5nX6xK6zPnm0Dr6QnU4hvvXoStzH5nLI1u71wux6u3fbEQk3/+kTEIcyxRtCA0jt9RA==
    dependencies:
      xtend "^4.0.1"
  
  hast-util-to-html@^6.0.0:
    version "6.0.2"
    resolved "https://registry.yarnpkg.com/hast-util-to-html/-/hast-util-to-html-6.0.2.tgz#aec7ee7a57008c82b01044ac58794a3d6349767d"
    integrity sha512-oiQzGHtjT6ZLhszCY89kCxGCo9O+YuPUHluv36fzp7Hv/E1W4428PgzcQAKlPUzbHAt3ELoPCSrYLWl8fQw7Ag==
    dependencies:
      ccount "^1.0.0"
      comma-separated-tokens "^1.0.1"
      hast-util-is-element "^1.0.0"
      hast-util-whitespace "^1.0.0"
      html-void-elements "^1.0.0"
      property-information "^5.2.0"
      space-separated-tokens "^1.0.0"
      stringify-entities "^2.0.0"
      unist-util-is "^3.0.0"
      xtend "^4.0.1"
  
  hast-util-whitespace@^1.0.0:
    version "1.0.3"
    resolved "https://registry.yarnpkg.com/hast-util-whitespace/-/hast-util-whitespace-1.0.3.tgz#6d161b307bd0693b5ec000c7c7e8b5445109ee34"
    integrity sha512-AlkYiLTTwPOyxZ8axq2/bCwRUPjIPBfrHkXuCR92B38b3lSdU22R5F/Z4DL6a2kxWpekWq1w6Nj48tWat6GeRA==
  
  html-void-elements@^1.0.0:
    version "1.0.4"
    resolved "https://registry.yarnpkg.com/html-void-elements/-/html-void-elements-1.0.4.tgz#95e8bb5ecd6b88766569c2645f2b5f1591db9ba5"
    integrity sha512-yMk3naGPLrfvUV9TdDbuYXngh/TpHbA6TrOw3HL9kS8yhwx7i309BReNg7CbAJXGE+UMJ6je5OqJ7lC63o6YuQ==
  
  inherits@^2.0.1:
    version "2.0.4"
    resolved "https://registry.yarnpkg.com/inherits/-/inherits-2.0.4.tgz#0fa2c64f932917c3433a0ded55363aae37416b7c"
    integrity sha512-k/vGaX4/Yla3WzyMCvTQOXYeIHvqOKtnqBduzTHpzpQZzAskKMhZ2K+EnBiSM9zGSoIFeMpXKxa4dYeZIQqewQ==
  
  is-alphabetical@^1.0.0:
    version "1.0.3"
    resolved "https://registry.yarnpkg.com/is-alphabetical/-/is-alphabetical-1.0.3.tgz#eb04cc47219a8895d8450ace4715abff2258a1f8"
    integrity sha512-eEMa6MKpHFzw38eKm56iNNi6GJ7lf6aLLio7Kr23sJPAECscgRtZvOBYybejWDQ2bM949Y++61PY+udzj5QMLA==
  
  is-alphanumeric@^1.0.0:
    version "1.0.0"
    resolved "https://registry.yarnpkg.com/is-alphanumeric/-/is-alphanumeric-1.0.0.tgz#4a9cef71daf4c001c1d81d63d140cf53fd6889f4"
    integrity sha1-Spzvcdr0wAHB2B1j0UDPU/1oifQ=
  
  is-alphanumerical@^1.0.0:
    version "1.0.3"
    resolved "https://registry.yarnpkg.com/is-alphanumerical/-/is-alphanumerical-1.0.3.tgz#57ae21c374277b3defe0274c640a5704b8f6657c"
    integrity sha512-A1IGAPO5AW9vSh7omxIlOGwIqEvpW/TA+DksVOPM5ODuxKlZS09+TEM1E3275lJqO2oJ38vDpeAL3DCIiHE6eA==
    dependencies:
      is-alphabetical "^1.0.0"
      is-decimal "^1.0.0"
  
  is-buffer@^2.0.0:
    version "2.0.3"
    resolved "https://registry.yarnpkg.com/is-buffer/-/is-buffer-2.0.3.tgz#4ecf3fcf749cbd1e472689e109ac66261a25e725"
    integrity sha512-U15Q7MXTuZlrbymiz95PJpZxu8IlipAp4dtS3wOdgPXx3mqBnslrWU14kxfHB+Py/+2PVKSr37dMAgM2A4uArw==
  
  is-decimal@^1.0.0, is-decimal@^1.0.2:
    version "1.0.3"
    resolved "https://registry.yarnpkg.com/is-decimal/-/is-decimal-1.0.3.tgz#381068759b9dc807d8c0dc0bfbae2b68e1da48b7"
    integrity sha512-bvLSwoDg2q6Gf+E2LEPiklHZxxiSi3XAh4Mav65mKqTfCO1HM3uBs24TjEH8iJX3bbDdLXKJXBTmGzuTUuAEjQ==
  
  is-hexadecimal@^1.0.0:
    version "1.0.3"
    resolved "https://registry.yarnpkg.com/is-hexadecimal/-/is-hexadecimal-1.0.3.tgz#e8a426a69b6d31470d3a33a47bb825cda02506ee"
    integrity sha512-zxQ9//Q3D/34poZf8fiy3m3XVpbQc7ren15iKqrTtLPwkPD/t3Scy9Imp63FujULGxuK0ZlCwoo5xNpktFgbOA==
  
  is-plain-obj@^2.0.0:
    version "2.0.0"
    resolved "https://registry.yarnpkg.com/is-plain-obj/-/is-plain-obj-2.0.0.tgz#7fd1a7f1b69e160cde9181d2313f445c68aa2679"
    integrity sha512-EYisGhpgSCwspmIuRHGjROWTon2Xp8Z7U03Wubk/bTL5TTRC5R1rGVgyjzBrk9+ULdH6cRD06KRcw/xfqhVYKQ==
  
  is-whitespace-character@^1.0.0:
    version "1.0.3"
    resolved "https://registry.yarnpkg.com/is-whitespace-character/-/is-whitespace-character-1.0.3.tgz#b3ad9546d916d7d3ffa78204bca0c26b56257fac"
    integrity sha512-SNPgMLz9JzPccD3nPctcj8sZlX9DAMJSKH8bP7Z6bohCwuNgX8xbWr1eTAYXX9Vpi/aSn8Y1akL9WgM3t43YNQ==
  
  is-word-character@^1.0.0:
    version "1.0.3"
    resolved "https://registry.yarnpkg.com/is-word-character/-/is-word-character-1.0.3.tgz#264d15541cbad0ba833d3992c34e6b40873b08aa"
    integrity sha512-0wfcrFgOOOBdgRNT9H33xe6Zi6yhX/uoc4U8NBZGeQQB0ctU1dnlNTyL9JM2646bHDTpsDm1Brb3VPoCIMrd/A==
  
  longest-streak@^2.0.1:
    version "2.0.3"
    resolved "https://registry.yarnpkg.com/longest-streak/-/longest-streak-2.0.3.tgz#3de7a3f47ee18e9074ded8575b5c091f5d0a4105"
    integrity sha512-9lz5IVdpwsKLMzQi0MQ+oD9EA0mIGcWYP7jXMTZVXP8D42PwuAk+M/HBFYQoxt1G5OR8m7aSIgb1UymfWGBWEw==
  
  markdown-escapes@^1.0.0:
    version "1.0.3"
    resolved "https://registry.yarnpkg.com/markdown-escapes/-/markdown-escapes-1.0.3.tgz#6155e10416efaafab665d466ce598216375195f5"
    integrity sha512-XUi5HJhhV5R74k8/0H2oCbCiYf/u4cO/rX8tnGkRvrqhsr5BRNU6Mg0yt/8UIx1iIS8220BNJsDb7XnILhLepw==
  
  markdown-table@^1.1.0:
    version "1.1.3"
    resolved "https://registry.yarnpkg.com/markdown-table/-/markdown-table-1.1.3.tgz#9fcb69bcfdb8717bfd0398c6ec2d93036ef8de60"
    integrity sha512-1RUZVgQlpJSPWYbFSpmudq5nHY1doEIv89gBtF0s4gW1GF2XorxcA/70M5vq7rLv0a6mhOUccRsqkwhwLCIQ2Q==
  
  mdast-util-compact@^1.0.0:
    version "1.0.3"
    resolved "https://registry.yarnpkg.com/mdast-util-compact/-/mdast-util-compact-1.0.3.tgz#98a25cc8a7865761a41477b3a87d1dcef0b1e79d"
    integrity sha512-nRiU5GpNy62rZppDKbLwhhtw5DXoFMqw9UNZFmlPsNaQCZ//WLjGKUwWMdJrUH+Se7UvtO2gXtAMe0g/N+eI5w==
    dependencies:
      unist-util-visit "^1.1.0"
  
  mdast-util-definitions@^1.2.0:
    version "1.2.4"
    resolved "https://registry.yarnpkg.com/mdast-util-definitions/-/mdast-util-definitions-1.2.4.tgz#2b54ad4eecaff9d9fcb6bf6f9f6b68b232d77ca7"
    integrity sha512-HfUArPog1j4Z78Xlzy9Q4aHLnrF/7fb57cooTHypyGoe2XFNbcx/kWZDoOz+ra8CkUzvg3+VHV434yqEd1DRmA==
    dependencies:
      unist-util-visit "^1.0.0"
  
  mdast-util-to-hast@^6.0.0:
    version "6.0.1"
    resolved "https://registry.yarnpkg.com/mdast-util-to-hast/-/mdast-util-to-hast-6.0.1.tgz#98d5ff6d3179d2bb95609a12c8b1e370249d73f2"
    integrity sha512-KRh9wIYzUQk877JcV+8q4FqBUEouLpCKMObqeWg4dnL1/rh9vtSIq5mqQFwIK9YzSULl91F8FP5+EJ/xqRHaBw==
    dependencies:
      collapse-white-space "^1.0.0"
      detab "^2.0.0"
      mdast-util-definitions "^1.2.0"
      mdurl "^1.0.1"
      trim "0.0.1"
      trim-lines "^1.0.0"
      unist-builder "^1.0.1"
      unist-util-generated "^1.1.0"
      unist-util-position "^3.0.0"
      unist-util-visit "^1.1.0"
      xtend "^4.0.1"
  
  mdurl@^1.0.1:
    version "1.0.1"
    resolved "https://registry.yarnpkg.com/mdurl/-/mdurl-1.0.1.tgz#fe85b2ec75a59037f2adfec100fd6c601761152e"
    integrity sha1-/oWy7HWlkDfyrf7BAP1sYBdhFS4=
  
  object-assign@^4.1.0:
    version "4.1.1"
    resolved "https://registry.yarnpkg.com/object-assign/-/object-assign-4.1.1.tgz#2109adc7965887cfc05cbbd442cac8bfbb360863"
    integrity sha1-IQmtx5ZYh8/AXLvUQsrIv7s2CGM=
  
  parse-entities@^1.0.2, parse-entities@^1.1.0:
    version "1.2.2"
    resolved "https://registry.yarnpkg.com/parse-entities/-/parse-entities-1.2.2.tgz#c31bf0f653b6661354f8973559cb86dd1d5edf50"
    integrity sha512-NzfpbxW/NPrzZ/yYSoQxyqUZMZXIdCfE0OIN4ESsnptHJECoUk3FZktxNuzQf4tjt5UEopnxpYJbvYuxIFDdsg==
    dependencies:
      character-entities "^1.0.0"
      character-entities-legacy "^1.0.0"
      character-reference-invalid "^1.0.0"
      is-alphanumerical "^1.0.0"
      is-decimal "^1.0.0"
      is-hexadecimal "^1.0.0"
  
  property-information@^5.2.0:
    version "5.2.2"
    resolved "https://registry.yarnpkg.com/property-information/-/property-information-5.2.2.tgz#20555eafd2296278a682e5a51d5123e7878ecc30"
    integrity sha512-N2moasZmjn2mjVGIWpaqz5qnz6QyeQSGgGvMtl81gA9cPTWa6wpesRSe/quNnOjUHpvSH1oZx0pdz0EEckLFnA==
    dependencies:
      xtend "^4.0.1"
  
  remark-html@^10.0.0:
    version "10.0.0"
    resolved "https://registry.yarnpkg.com/remark-html/-/remark-html-10.0.0.tgz#927047c16845ec47e2c361e1d7f7c32ab72c63c7"
    integrity sha512-TbSQuedRFjAhXSk1NAbfaTqDK0jKAjfgn82D2ZYFFT8XpJ80uwXc8yVwK/Tl2eqboTMPxzNzCIss4kIucE5M8w==
    dependencies:
      hast-util-sanitize "^2.0.0"
      hast-util-to-html "^6.0.0"
      mdast-util-to-hast "^6.0.0"
      xtend "^4.0.1"
  
  remark-parse@^7.0.0:
    version "7.0.1"
    resolved "https://registry.yarnpkg.com/remark-parse/-/remark-parse-7.0.1.tgz#0c13d67e0d7b82c2ad2d8b6604ec5fae6c333c2b"
    integrity sha512-WOZLa545jYXtSy+txza6ACudKWByQac4S2DmGk+tAGO/3XnVTOxwyCIxB7nTcLlk8Aayhcuf3cV1WV6U6L7/DQ==
    dependencies:
      collapse-white-space "^1.0.2"
      is-alphabetical "^1.0.0"
      is-decimal "^1.0.0"
      is-whitespace-character "^1.0.0"
      is-word-character "^1.0.0"
      markdown-escapes "^1.0.0"
      parse-entities "^1.1.0"
      repeat-string "^1.5.4"
      state-toggle "^1.0.0"
      trim "0.0.1"
      trim-trailing-lines "^1.0.0"
      unherit "^1.0.4"
      unist-util-remove-position "^1.0.0"
      vfile-location "^2.0.0"
      xtend "^4.0.1"
  
  remark-stringify@^7.0.0:
    version "7.0.2"
    resolved "https://registry.yarnpkg.com/remark-stringify/-/remark-stringify-7.0.2.tgz#1b87716e3bf278ef5dd6c230e47c633d89b81d76"
    integrity sha512-+Fr2xUe+P9b4XwRBjtIQF6DuHtQEQAVsBv8Uv+Gz3d3gkFxwEIzKFjzHo13KgWkASn/MQIY1C9vmOTm0kwlGXw==
    dependencies:
      ccount "^1.0.0"
      is-alphanumeric "^1.0.0"
      is-decimal "^1.0.0"
      is-whitespace-character "^1.0.0"
      longest-streak "^2.0.1"
      markdown-escapes "^1.0.0"
      markdown-table "^1.1.0"
      mdast-util-compact "^1.0.0"
      parse-entities "^1.0.2"
      repeat-string "^1.5.4"
      state-toggle "^1.0.0"
      stringify-entities "^2.0.0"
      unherit "^1.0.4"
      xtend "^4.0.1"
  
  remark@^11.0.1:
    version "11.0.1"
    resolved "https://registry.yarnpkg.com/remark/-/remark-11.0.1.tgz#3c16e1ed84c78a661299991bb8d5fa7ee5d18e3c"
    integrity sha512-Fl2AvN+yU6sOBAjUz3xNC5iEvLkXV8PZicLOOLifjU8uKGusNvhHfGRCfETsqyvRHZ24JXqEyDY4hRLhoUd30A==
    dependencies:
      remark-parse "^7.0.0"
      remark-stringify "^7.0.0"
      unified "^8.2.0"
  
  repeat-string@^1.5.4:
    version "1.6.1"
    resolved "https://registry.yarnpkg.com/repeat-string/-/repeat-string-1.6.1.tgz#8dcae470e1c88abc2d600fff4a776286da75e637"
    integrity sha1-jcrkcOHIirwtYA//Sndihtp15jc=
  
  replace-ext@1.0.0:
    version "1.0.0"
    resolved "https://registry.yarnpkg.com/replace-ext/-/replace-ext-1.0.0.tgz#de63128373fcbf7c3ccfa4de5a480c45a67958eb"
    integrity sha1-3mMSg3P8v3w8z6TeWkgMRaZ5WOs=
  
  space-separated-tokens@^1.0.0:
    version "1.1.4"
    resolved "https://registry.yarnpkg.com/space-separated-tokens/-/space-separated-tokens-1.1.4.tgz#27910835ae00d0adfcdbd0ad7e611fb9544351fa"
    integrity sha512-UyhMSmeIqZrQn2UdjYpxEkwY9JUrn8pP+7L4f91zRzOQuI8MF1FGLfYU9DKCYeLdo7LXMxwrX5zKFy7eeeVHuA==
  
  state-toggle@^1.0.0:
    version "1.0.2"
    resolved "https://registry.yarnpkg.com/state-toggle/-/state-toggle-1.0.2.tgz#75e93a61944116b4959d665c8db2d243631d6ddc"
    integrity sha512-8LpelPGR0qQM4PnfLiplOQNJcIN1/r2Gy0xKB2zKnIW2YzPMt2sR4I/+gtPjhN7Svh9kw+zqEg2SFwpBO9iNiw==
  
  stringify-entities@^2.0.0:
    version "2.0.0"
    resolved "https://registry.yarnpkg.com/stringify-entities/-/stringify-entities-2.0.0.tgz#fa7ca6614b355fb6c28448140a20c4ede7462827"
    integrity sha512-fqqhZzXyAM6pGD9lky/GOPq6V4X0SeTAFBl0iXb/BzOegl40gpf/bV3QQP7zULNYvjr6+Dx8SCaDULjVoOru0A==
    dependencies:
      character-entities-html4 "^1.0.0"
      character-entities-legacy "^1.0.0"
      is-alphanumerical "^1.0.0"
      is-decimal "^1.0.2"
      is-hexadecimal "^1.0.0"
  
  trim-lines@^1.0.0:
    version "1.1.2"
    resolved "https://registry.yarnpkg.com/trim-lines/-/trim-lines-1.1.2.tgz#c8adbdbdae21bb5c2766240a661f693afe23e59b"
    integrity sha512-3GOuyNeTqk3FAqc3jOJtw7FTjYl94XBR5aD9QnDbK/T4CA9sW/J0l9RoaRPE9wyPP7NF331qnHnvJFBJ+IDkmQ==
  
  trim-trailing-lines@^1.0.0:
    version "1.1.2"
    resolved "https://registry.yarnpkg.com/trim-trailing-lines/-/trim-trailing-lines-1.1.2.tgz#d2f1e153161152e9f02fabc670fb40bec2ea2e3a"
    integrity sha512-MUjYItdrqqj2zpcHFTkMa9WAv4JHTI6gnRQGPFLrt5L9a6tRMiDnIqYl8JBvu2d2Tc3lWJKQwlGCp0K8AvCM+Q==
  
  trim@0.0.1:
    version "0.0.1"
    resolved "https://registry.yarnpkg.com/trim/-/trim-0.0.1.tgz#5858547f6b290757ee95cccc666fb50084c460dd"
    integrity sha1-WFhUf2spB1fulczMZm+1AITEYN0=
  
  trough@^1.0.0:
    version "1.0.4"
    resolved "https://registry.yarnpkg.com/trough/-/trough-1.0.4.tgz#3b52b1f13924f460c3fbfd0df69b587dbcbc762e"
    integrity sha512-tdzBRDGWcI1OpPVmChbdSKhvSVurznZ8X36AYURAcl+0o2ldlCY2XPzyXNNxwJwwyIU+rIglTCG4kxtNKBQH7Q==
  
  unherit@^1.0.4:
    version "1.1.2"
    resolved "https://registry.yarnpkg.com/unherit/-/unherit-1.1.2.tgz#14f1f397253ee4ec95cec167762e77df83678449"
    integrity sha512-W3tMnpaMG7ZY6xe/moK04U9fBhi6wEiCYHUW5Mop/wQHf12+79EQGwxYejNdhEz2mkqkBlGwm7pxmgBKMVUj0w==
    dependencies:
      inherits "^2.0.1"
      xtend "^4.0.1"
  
  unified@^8.2.0:
    version "8.3.2"
    resolved "https://registry.yarnpkg.com/unified/-/unified-8.3.2.tgz#aed69d0e577d6ef27268431c63a10faef60e63ab"
    integrity sha512-NDtUAXcd4c+mKppCbsZHzmhkKEQuhveZNBrFYmNgMIMk2K9bc8hmG3mLEGVtRmSNodobwyMePAnvIGVWZfPdzQ==
    dependencies:
      bail "^1.0.0"
      extend "^3.0.0"
      is-plain-obj "^2.0.0"
      trough "^1.0.0"
      vfile "^4.0.0"
  
  unist-builder@^1.0.1:
    version "1.0.4"
    resolved "https://registry.yarnpkg.com/unist-builder/-/unist-builder-1.0.4.tgz#e1808aed30bd72adc3607f25afecebef4dd59e17"
    integrity sha512-v6xbUPP7ILrT15fHGrNyHc1Xda8H3xVhP7/HAIotHOhVPjH5dCXA097C3Rry1Q2O+HbOLCao4hfPB+EYEjHgVg==
    dependencies:
      object-assign "^4.1.0"
  
  unist-util-generated@^1.1.0:
    version "1.1.4"
    resolved "https://registry.yarnpkg.com/unist-util-generated/-/unist-util-generated-1.1.4.tgz#2261c033d9fc23fae41872cdb7663746e972c1a7"
    integrity sha512-SA7Sys3h3X4AlVnxHdvN/qYdr4R38HzihoEVY2Q2BZu8NHWDnw5OGcC/tXWjQfd4iG+M6qRFNIRGqJmp2ez4Ww==
  
  unist-util-is@^3.0.0:
    version "3.0.0"
    resolved "https://registry.yarnpkg.com/unist-util-is/-/unist-util-is-3.0.0.tgz#d9e84381c2468e82629e4a5be9d7d05a2dd324cd"
    integrity sha512-sVZZX3+kspVNmLWBPAB6r+7D9ZgAFPNWm66f7YNb420RlQSbn+n8rG8dGZSkrER7ZIXGQYNm5pqC3v3HopH24A==
  
  unist-util-position@^3.0.0:
    version "3.0.3"
    resolved "https://registry.yarnpkg.com/unist-util-position/-/unist-util-position-3.0.3.tgz#fff942b879538b242096c148153826664b1ca373"
    integrity sha512-28EpCBYFvnMeq9y/4w6pbnFmCUfzlsc41NJui5c51hOFjBA1fejcwc+5W4z2+0ECVbScG3dURS3JTVqwenzqZw==
  
  unist-util-remove-position@^1.0.0:
    version "1.1.3"
    resolved "https://registry.yarnpkg.com/unist-util-remove-position/-/unist-util-remove-position-1.1.3.tgz#d91aa8b89b30cb38bad2924da11072faa64fd972"
    integrity sha512-CtszTlOjP2sBGYc2zcKA/CvNdTdEs3ozbiJ63IPBxh8iZg42SCCb8m04f8z2+V1aSk5a7BxbZKEdoDjadmBkWA==
    dependencies:
      unist-util-visit "^1.1.0"
  
  unist-util-stringify-position@^2.0.0:
    version "2.0.1"
    resolved "https://registry.yarnpkg.com/unist-util-stringify-position/-/unist-util-stringify-position-2.0.1.tgz#de2a2bc8d3febfa606652673a91455b6a36fb9f3"
    integrity sha512-Zqlf6+FRI39Bah8Q6ZnNGrEHUhwJOkHde2MHVk96lLyftfJJckaPslKgzhVcviXj8KcE9UJM9F+a4JEiBUTYgA==
    dependencies:
      "@types/unist" "^2.0.2"
  
  unist-util-visit-parents@^2.0.0:
    version "2.1.2"
    resolved "https://registry.yarnpkg.com/unist-util-visit-parents/-/unist-util-visit-parents-2.1.2.tgz#25e43e55312166f3348cae6743588781d112c1e9"
    integrity sha512-DyN5vD4NE3aSeB+PXYNKxzGsfocxp6asDc2XXE3b0ekO2BaRUpBicbbUygfSvYfUz1IkmjFR1YF7dPklraMZ2g==
    dependencies:
      unist-util-is "^3.0.0"
  
  unist-util-visit@^1.0.0, unist-util-visit@^1.1.0:
    version "1.4.1"
    resolved "https://registry.yarnpkg.com/unist-util-visit/-/unist-util-visit-1.4.1.tgz#4724aaa8486e6ee6e26d7ff3c8685960d560b1e3"
    integrity sha512-AvGNk7Bb//EmJZyhtRUnNMEpId/AZ5Ph/KUpTI09WHQuDZHKovQ1oEv3mfmKpWKtoMzyMC4GLBm1Zy5k12fjIw==
    dependencies:
      unist-util-visit-parents "^2.0.0"
  
  vfile-location@^2.0.0:
    version "2.0.5"
    resolved "https://registry.yarnpkg.com/vfile-location/-/vfile-location-2.0.5.tgz#c83eb02f8040228a8d2b3f10e485be3e3433e0a2"
    integrity sha512-Pa1ey0OzYBkLPxPZI3d9E+S4BmvfVwNAAXrrqGbwTVXWaX2p9kM1zZ+n35UtVM06shmWKH4RPRN8KI80qE3wNQ==
  
  vfile-message@^2.0.0:
    version "2.0.1"
    resolved "https://registry.yarnpkg.com/vfile-message/-/vfile-message-2.0.1.tgz#951881861c22fc1eb39f873c0b93e336a64e8f6d"
    integrity sha512-KtasSV+uVU7RWhUn4Lw+wW1Zl/nW8JWx7JCPps10Y9JRRIDeDXf8wfBLoOSsJLyo27DqMyAi54C6Jf/d6Kr2Bw==
    dependencies:
      "@types/unist" "^2.0.2"
      unist-util-stringify-position "^2.0.0"
  
  vfile@^4.0.0:
    version "4.0.1"
    resolved "https://registry.yarnpkg.com/vfile/-/vfile-4.0.1.tgz#fc3d43a1c71916034216bf65926d5ee3c64ed60c"
    integrity sha512-lRHFCuC4SQBFr7Uq91oJDJxlnftoTLQ7eKIpMdubhYcVMho4781a8MWXLy3qZrZ0/STD1kRiKc0cQOHm4OkPeA==
    dependencies:
      "@types/unist" "^2.0.0"
      is-buffer "^2.0.0"
      replace-ext "1.0.0"
      unist-util-stringify-position "^2.0.0"
      vfile-message "^2.0.0"
  
  xtend@^4.0.1:
    version "4.0.2"
    resolved "https://registry.yarnpkg.com/xtend/-/xtend-4.0.2.tgz#bb72779f5fa465186b1f438f674fa347fdb5db54"
    integrity sha512-LKYU1iAXJXUgAXn9URjiu+MWhyUXHsvfp7mcuYm9dSUKK0/CjtrUwFAxD82/mCWbtLsGjFIad0wIsod4zrTAEQ==
